<?xml version="1.0" encoding="UTF-8"?>
<testsuite xmlns:xsi="http://www.w3.org/2001/XMLSchema-instance" xsi:noNamespaceSchemaLocation="https://maven.apache.org/surefire/maven-surefire-plugin/xsd/surefire-test-report.xsd" name="com.tongji.MainTest" time="26.157" tests="2" errors="1" skipped="0" failures="0">
  <properties>
[...]
</properties>
  <testcase name="test" classname="com.tongji.MainTest" time="2.392">
    <error message="&#10;### Error updating database.  Cause: java.sql.SQLIntegrityConstraintViolationException: Duplicate entry &apos;0001489305&apos; for key &apos;PRIMARY&apos;&#10;### The error may involve com.tongji.mapper.MovieMapper.insertSelective-Inline&#10;### The error occurred while setting parameters&#10;### SQL: insert into movie      ( movie_id,                       title,                       genres,                       director,                       run_time,                       release_date,                       date_first_available,                       supporting_actors,                       actor,                       series )       values ( ?,                       ?,                       ?,                       ?,                       ?,                       ?,                       ?,                       ?,                       ?,                       ? )&#10;### Cause: java.sql.SQLIntegrityConstraintViolationException: Duplicate entry &apos;0001489305&apos; for key &apos;PRIMARY&apos;&#10;; Duplicate entry &apos;0001489305&apos; for key &apos;PRIMARY&apos;; nested exception is java.sql.SQLIntegrityConstraintViolationException: Duplicate entry &apos;0001489305&apos; for key &apos;PRIMARY&apos;" type="org.springframework.dao.DuplicateKeyException">org.springframework.dao.DuplicateKeyException: 

### Error updating database.  Cause: java.sql.SQLIntegrityConstraintViolationException: Duplicate entry '0001489305' for key 'PRIMARY'
### The error may involve com.tongji.mapper.MovieMapper.insertSelective-Inline
### The error occurred while setting parameters
### SQL: insert into movie      ( movie_id,                       title,                       genres,                       director,                       run_time,                       release_date,                       date_first_available,                       supporting_actors,                       actor,                       series )       values ( ?,                       ?,                       ?,                       ?,                       ?,                       ?,                       ?,                       ?,                       ?,                       ? )
### Cause: java.sql.SQLIntegrityConstraintViolationException: Duplicate entry '0001489305' for key 'PRIMARY'
; Duplicate entry '0001489305' for key 'PRIMARY'; nested exception is java.sql.SQLIntegrityConstraintViolationException: Duplicate entry '0001489305' for key 'PRIMARY'
	at com.tongji.MainTest.test(MainTest.java:148)
Caused by: java.sql.SQLIntegrityConstraintViolationException: Duplicate entry '0001489305' for key 'PRIMARY'
	at com.tongji.MainTest.test(MainTest.java:148)
</error>
    <system-out><![CDATA[19:39:12.340 [main] DEBUG org.springframework.test.context.junit4.SpringJUnit4ClassRunner - SpringJUnit4ClassRunner constructor called with [class com.tongji.MainTest]
19:39:12.369 [main] DEBUG org.springframework.test.context.BootstrapUtils - Instantiating CacheAwareContextLoaderDelegate from class [org.springframework.test.context.cache.DefaultCacheAwareContextLoaderDelegate]
19:39:12.414 [main] DEBUG org.springframework.test.context.BootstrapUtils - Instantiating BootstrapContext using constructor [public org.springframework.test.context.support.DefaultBootstrapContext(java.lang.Class,org.springframework.test.context.CacheAwareContextLoaderDelegate)]
19:39:12.549 [main] DEBUG org.springframework.test.context.BootstrapUtils - Instantiating TestContextBootstrapper for test class [com.tongji.MainTest] from class [org.springframework.boot.test.context.SpringBootTestContextBootstrapper]
19:39:12.621 [main] INFO org.springframework.boot.test.context.SpringBootTestContextBootstrapper - Neither @ContextConfiguration nor @ContextHierarchy found for test class [com.tongji.MainTest], using SpringBootContextLoader
19:39:12.641 [main] DEBUG org.springframework.test.context.support.AbstractContextLoader - Did not detect default resource location for test class [com.tongji.MainTest]: class path resource [com/tongji/MainTest-context.xml] does not exist
19:39:12.643 [main] DEBUG org.springframework.test.context.support.AbstractContextLoader - Did not detect default resource location for test class [com.tongji.MainTest]: class path resource [com/tongji/MainTestContext.groovy] does not exist
19:39:12.644 [main] INFO org.springframework.test.context.support.AbstractContextLoader - Could not detect default resource locations for test class [com.tongji.MainTest]: no resource found for suffixes {-context.xml, Context.groovy}.
19:39:12.931 [main] DEBUG org.springframework.test.context.support.ActiveProfilesUtils - Could not find an 'annotation declaring class' for annotation type [org.springframework.test.context.ActiveProfiles] and class [com.tongji.MainTest]
19:39:13.724 [main] DEBUG org.springframework.boot.test.context.SpringBootTestContextBootstrapper - @TestExecutionListeners is not present for class [com.tongji.MainTest]: using defaults.
19:39:13.726 [main] INFO org.springframework.boot.test.context.SpringBootTestContextBootstrapper - Loaded default TestExecutionListener class names from location [META-INF/spring.factories]: [org.springframework.boot.test.autoconfigure.restdocs.RestDocsTestExecutionListener, org.springframework.boot.test.autoconfigure.web.client.MockRestServiceServerResetTestExecutionListener, org.springframework.boot.test.autoconfigure.web.servlet.MockMvcPrintOnlyOnFailureTestExecutionListener, org.springframework.boot.test.autoconfigure.web.servlet.WebDriverTestExecutionListener, org.springframework.test.context.web.ServletTestExecutionListener, org.springframework.test.context.support.DirtiesContextBeforeModesTestExecutionListener, org.springframework.test.context.support.DependencyInjectionTestExecutionListener, org.springframework.test.context.support.DirtiesContextTestExecutionListener, org.springframework.test.context.transaction.TransactionalTestExecutionListener, org.springframework.test.context.jdbc.SqlScriptsTestExecutionListener, org.springframework.boot.test.mock.mockito.MockitoTestExecutionListener, org.springframework.boot.test.mock.mockito.ResetMocksTestExecutionListener]
19:39:13.809 [main] INFO org.springframework.boot.test.context.SpringBootTestContextBootstrapper - Using TestExecutionListeners: [org.springframework.test.context.web.ServletTestExecutionListener@40a4337a, org.springframework.test.context.support.DirtiesContextBeforeModesTestExecutionListener@6025e1b6, org.springframework.boot.test.mock.mockito.MockitoTestExecutionListener@22ff4249, org.springframework.boot.test.autoconfigure.SpringBootDependencyInjectionTestExecutionListener@2d1ef81a, org.springframework.test.context.support.DirtiesContextTestExecutionListener@4c402120, org.springframework.test.context.transaction.TransactionalTestExecutionListener@327514f, org.springframework.test.context.jdbc.SqlScriptsTestExecutionListener@5b12b668, org.springframework.boot.test.autoconfigure.restdocs.RestDocsTestExecutionListener@1165b38, org.springframework.boot.test.autoconfigure.web.client.MockRestServiceServerResetTestExecutionListener@4c12331b, org.springframework.boot.test.autoconfigure.web.servlet.MockMvcPrintOnlyOnFailureTestExecutionListener@7586beff, org.springframework.boot.test.autoconfigure.web.servlet.WebDriverTestExecutionListener@3b69e7d1, org.springframework.boot.test.mock.mockito.ResetMocksTestExecutionListener@815b41f]
19:39:13.817 [main] DEBUG org.springframework.test.annotation.ProfileValueUtils - Retrieved @ProfileValueSourceConfiguration [null] for test class [com.tongji.MainTest]
19:39:13.820 [main] DEBUG org.springframework.test.annotation.ProfileValueUtils - Retrieved ProfileValueSource type [class org.springframework.test.annotation.SystemProfileValueSource] for class [com.tongji.MainTest]
19:39:13.826 [main] DEBUG org.springframework.test.annotation.ProfileValueUtils - Retrieved @ProfileValueSourceConfiguration [null] for test class [com.tongji.MainTest]
19:39:13.827 [main] DEBUG org.springframework.test.annotation.ProfileValueUtils - Retrieved ProfileValueSource type [class org.springframework.test.annotation.SystemProfileValueSource] for class [com.tongji.MainTest]
19:39:13.836 [main] DEBUG org.springframework.test.annotation.ProfileValueUtils - Retrieved @ProfileValueSourceConfiguration [null] for test class [com.tongji.MainTest]
19:39:13.837 [main] DEBUG org.springframework.test.annotation.ProfileValueUtils - Retrieved ProfileValueSource type [class org.springframework.test.annotation.SystemProfileValueSource] for class [com.tongji.MainTest]
19:39:13.851 [main] DEBUG org.springframework.test.context.support.AbstractDirtiesContextTestExecutionListener - Before test class: context [DefaultTestContext@7eac9008 testClass = MainTest, testInstance = [null], testMethod = [null], testException = [null], mergedContextConfiguration = [WebMergedContextConfiguration@4116aac9 testClass = MainTest, locations = '{}', classes = '{class com.tongji.MyApplication, class com.tongji.MyApplication}', contextInitializerClasses = '[]', activeProfiles = '{}', propertySourceLocations = '{}', propertySourceProperties = '{org.springframework.boot.test.context.SpringBootTestContextBootstrapper=true}', contextCustomizers = set[org.springframework.boot.test.autoconfigure.properties.PropertyMappingContextCustomizer@0, org.springframework.boot.test.autoconfigure.web.servlet.WebDriverContextCustomizerFactory$Customizer@641147d0, org.springframework.boot.test.context.filter.ExcludeFilterContextCustomizer@38364841, org.springframework.boot.test.json.DuplicateJsonObjectContextCustomizerFactory$DuplicateJsonObjectContextCustomizer@146044d7, org.springframework.boot.test.mock.mockito.MockitoContextCustomizer@0, org.springframework.boot.test.web.client.TestRestTemplateContextCustomizer@f0f2775], resourceBasePath = 'src/main/webapp', contextLoader = 'org.springframework.boot.test.context.SpringBootContextLoader', parent = [null]], attributes = map['org.springframework.test.context.web.ServletTestExecutionListener.activateListener' -> true]], class annotated with @DirtiesContext [false] with mode [null].
19:39:13.854 [main] DEBUG org.springframework.test.annotation.ProfileValueUtils - Retrieved @ProfileValueSourceConfiguration [null] for test class [com.tongji.MainTest]
19:39:13.855 [main] DEBUG org.springframework.test.annotation.ProfileValueUtils - Retrieved ProfileValueSource type [class org.springframework.test.annotation.SystemProfileValueSource] for class [com.tongji.MainTest]
19:39:13.961 [main] DEBUG org.springframework.test.context.support.TestPropertySourceUtils - Adding inlined properties to environment: {spring.jmx.enabled=false, org.springframework.boot.test.context.SpringBootTestContextBootstrapper=true, server.port=-1}

  .   ____          _            __ _ _
 /\\ / ___'_ __ _ _(_)_ __  __ _ \ \ \ \
( ( )\___ | '_ | '_| | '_ \/ _` | \ \ \ \
 \\/  ___)| |_)| | | | | || (_| |  ) ) ) )
  '  |____| .__|_| |_|_| |_\__, | / / / /
 =========|_|==============|___/=/_/_/_/
 :: Spring Boot ::        (v2.1.3.RELEASE)

2020-12-21 19:39:15.233  INFO 14540 --- [           main] com.tongji.MainTest                      : Starting MainTest on DESKTOP-V75RFL7 with PID 14540 (started by 12549 in C:\Users\12549\Desktop\cloudCalculate)
2020-12-21 19:39:15.236  INFO 14540 --- [           main] com.tongji.MainTest                      : No active profile set, falling back to default profiles: default
2020-12-21 19:39:21.349  INFO 14540 --- [           main] trationDelegate$BeanPostProcessorChecker : Bean 'org.springframework.transaction.annotation.ProxyTransactionManagementConfiguration' of type [org.springframework.transaction.annotation.ProxyTransactionManagementConfiguration$$EnhancerBySpringCGLIB$$17ff9e46] is not eligible for getting processed by all BeanPostProcessors (for example: not eligible for auto-proxying)
2020-12-21 19:39:25.195  INFO 14540 --- [           main] c.a.d.s.b.a.DruidDataSourceAutoConfigure : Init DruidDataSource
2020-12-21 19:39:26.157  INFO 14540 --- [           main] com.alibaba.druid.pool.DruidDataSource   : {dataSource-1} inited
2020-12-21 19:39:27.024  INFO 14540 --- [           main] o.s.b.a.e.web.EndpointLinksResolver      : Exposing 2 endpoint(s) beneath base path '/actuator'
2020-12-21 19:39:27.768  INFO 14540 --- [           main] pertySourcedRequestMappingHandlerMapping : Mapped URL path [/v2/api-docs] onto method [public org.springframework.http.ResponseEntity<springfox.documentation.spring.web.json.Json> springfox.documentation.swagger2.web.Swagger2Controller.getDocumentation(java.lang.String,javax.servlet.http.HttpServletRequest)]
2020-12-21 19:39:31.628  INFO 14540 --- [           main] o.s.s.concurrent.ThreadPoolTaskExecutor  : Initializing ExecutorService 'applicationTaskExecutor'
2020-12-21 19:39:34.574  INFO 14540 --- [           main] d.s.w.p.DocumentationPluginsBootstrapper : Context refreshed
2020-12-21 19:39:34.672  INFO 14540 --- [           main] d.s.w.p.DocumentationPluginsBootstrapper : Found 1 custom documentation plugin(s)
2020-12-21 19:39:34.890  INFO 14540 --- [           main] s.d.s.w.s.ApiListingReferenceScanner     : Scanning for api listing references
2020-12-21 19:39:34.976  INFO 14540 --- [           main] com.tongji.MainTest                      : Started MainTest in 20.986 seconds (JVM running for 24.922)
1
]]></system-out>
    <system-err><![CDATA[SLF4J: Class path contains multiple SLF4J bindings.
SLF4J: Found binding in [jar:file:/C:/Users/12549/.m2/repository/ch/qos/logback/logback-classic/1.2.3/logback-classic-1.2.3.jar!/org/slf4j/impl/StaticLoggerBinder.class]
SLF4J: Found binding in [jar:file:/C:/Users/12549/.m2/repository/org/slf4j/slf4j-log4j12/1.7.25/slf4j-log4j12-1.7.25.jar!/org/slf4j/impl/StaticLoggerBinder.class]
SLF4J: See http://www.slf4j.org/codes.html#multiple_bindings for an explanation.
SLF4J: Actual binding is of type [ch.qos.logback.classic.util.ContextSelectorStaticBinder]
]]></system-err>
  </testcase>
  <testcase name="test3" classname="com.tongji.MainTest" time="0.006"/>
</testsuite>